2025-03-10 10:50:34,191 - INFO - Extrayendo datos de articles...
2025-03-10 10:50:35,581 - INFO - Artículo agregado: Hera asteroid mission’s Mars flyby
2025-03-10 10:50:35,582 - INFO - Artículo agregado: Voyager, Palantir deepen alliance to develop military space tech
2025-03-10 10:50:35,583 - INFO - Artículo agregado: Testing of Key Callisto Reusable Rocket Demonstrator Component Underway
2025-03-10 10:50:35,584 - INFO - Artículo agregado: NASA’s Webb Peers Deeper into Mysterious Flame Nebula
2025-03-10 10:50:35,584 - INFO - Artículo agregado: Watch live: Images from Hera’s Mars flyby
2025-03-10 10:50:35,585 - INFO - Artículo agregado: Space M&A poised for takeoff in 2025
2025-03-10 10:50:35,586 - INFO - Artículo agregado: SpaceWERX selects eight companies for $440 million in public-private partnerships
2025-03-10 10:50:35,586 - INFO - Artículo agregado: LeoLabs wins contract to deploy space-monitoring radar in Indo-Pacific region
2025-03-10 10:50:35,587 - INFO - Artículo agregado: America needs a strong NASA
2025-03-10 10:50:35,587 - INFO - Artículo agregado: Rivada eyes U.S. government contracts as it prepares to deploy 600-satellite network
2025-03-10 10:50:36,591 - INFO - Se obtuvieron 10 registros de articles.
2025-03-10 10:50:36,592 - INFO - Extrayendo datos de blogs...
2025-03-10 10:50:37,581 - INFO - Artículo agregado: ICPS-2: ULA-built upper stage for Artemis II delivered to NASA
2025-03-10 10:50:37,582 - INFO - Artículo agregado: Station Swaps Commanders and Keeps Up Research Before Crew Swap
2025-03-10 10:50:37,583 - INFO - Artículo agregado: NASA’s SpaceX Crew-10 Arrival Now at 3 p.m. EST
2025-03-10 10:50:37,584 - INFO - Artículo agregado: Station Preps for Command Change, Conducts Heart and Bone Research
2025-03-10 10:50:37,584 - INFO - Artículo agregado: Crew Works Vein Scans and Muscle Stimulation Prior to Upcoming Departure
2025-03-10 10:50:37,585 - INFO - Artículo agregado: Departing Crew Talks to Journalists, Keeps Up Human Research and Lab Maintenance
2025-03-10 10:50:37,585 - INFO - Artículo agregado: Metal 3D Printing and Heart Health Kicks Off March on Station
2025-03-10 10:50:37,586 - INFO - Artículo agregado: Progress Cargo Craft Docks to Station Resupplying Crew
2025-03-10 10:50:37,586 - INFO - Artículo agregado: Crew Studies Space Exercise While Waiting for Saturday Delivery
2025-03-10 10:50:37,587 - INFO - Artículo agregado: Progress Cargo Mission Lifts Off to Station for Saturday Arrival
2025-03-10 10:50:38,599 - INFO - Se obtuvieron 10 registros de blogs.
2025-03-10 10:50:38,601 - INFO - Extrayendo datos de reports...
2025-03-10 10:50:39,544 - INFO - Artículo agregado: Starliner arrives safely back on Earth
2025-03-10 10:50:39,545 - INFO - Artículo agregado: Starliner heads back to Earth
2025-03-10 10:50:39,545 - INFO - Artículo agregado: Boeing’s confidence remains high in Starliner’s return with crew
2025-03-10 10:50:39,546 - INFO - Artículo agregado: Starliner Return to Earth Preps Underway
2025-03-10 10:50:39,546 - INFO - Artículo agregado: Starliner Docked Hot Fire Testing Complete
2025-03-10 10:50:39,547 - INFO - Artículo agregado: ISS Daily Summary Report – 7/26/2024
2025-03-10 10:50:39,548 - INFO - Artículo agregado: ISS Daily Summary Report – 7/25/2024
2025-03-10 10:50:39,548 - INFO - Artículo agregado: Starliner team closes in on thruster issue root cause, prepares for return to Earth
2025-03-10 10:50:39,549 - INFO - Artículo agregado: ISS Daily Summary Report – 7/24/2024
2025-03-10 10:50:39,549 - INFO - Artículo agregado: ISS Daily Summary Report – 7/23/2024
2025-03-10 10:50:40,559 - INFO - Se obtuvieron 10 registros de reports.
2025-03-10 10:50:41,489 - INFO - Información de la API: {'version': '4.18.0', 'news_sites': ['ABC News', 'AmericaSpace', 'Arstechnica', 'Blue Origin', 'Boeing', 'CNBC', 'CNES', 'ElonX', 'ESA', 'Euronews', 'European Spaceflight', 'Horizon', 'Jet Propulsion Laboratory', 'NASA', 'NASASpaceflight', 'National Geographic', 'National Space Society', 'Phys', 'Planetary Society', 'Reuters', 'Space.com', 'SpaceDaily', 'SpaceFlight Insider', 'Spaceflight Now', 'SpaceNews', 'SpacePolicyOnline.com', 'Space Scout', 'SpaceX', 'SyFy', 'TechCrunch', 'Teslarati', 'The Drive', 'The Japan Times', 'The Launch Pad', 'The National', 'The New York Times', 'The Space Devs', 'The Space Review', 'The Verge', 'The Wall Street Journal', 'United Launch Alliance', 'Virgin Galactic']}
2025-03-10 10:51:18,008 - INFO - Artículo agregado: Voyager, Palantir deepen alliance to develop military space tech
2025-03-10 10:51:18,009 - INFO - Artículo agregado: Hera asteroid mission’s Mars flyby
